\BOOKMARK [1][-]{section.1}{\376\377\000T\036\325\000n\000g\000\040\000q\000u\000a\000n\000\040\000H\036\307\000\040\000t\000h\036\321\000n\000g}{}% 1
\BOOKMARK [2][-]{subsection.1.1}{\376\377\000C\000h\000i\036\277\000n\000\040\000l\001\260\036\343\000c\000\040\000H\000u\036\245\000n\000\040\000l\000u\000y\036\307\000n\000\040\0002\000\040\000G\000i\000a\000i\000\040\001\021\000o\036\241\000n}{section.1}% 2
\BOOKMARK [1][-]{section.2}{\376\377\000K\000i\036\277\000n\000\040\000t\000r\000\372\000c\000\040\000M\000\364\000\040\000h\000\354\000n\000h\000\040\000T\000i\000m\000e\000S\000f\000o\000r\000m\000e\000r}{}% 3
\BOOKMARK [2][-]{subsection.2.1}{\376\377\000S\001\241\000\040\001\021\036\323\000\040\000K\000i\036\277\000n\000\040\000t\000r\000\372\000c\000\040\000T\036\325\000n\000g\000\040\000t\000h\036\303}{section.2}% 4
\BOOKMARK [2][-]{subsection.2.2}{\376\377\000S\001\241\000\040\001\021\036\323\000\040\000D\000i\000v\000i\000d\000e\000d\000S\000p\000a\000c\000e\000T\000i\000m\000e\000B\000l\000o\000c\000k\000\040\000C\000h\000i\000\040\000t\000i\036\277\000t}{section.2}% 5
\BOOKMARK [2][-]{subsection.2.3}{\376\377\000C\001\241\000\040\000c\000h\036\277\000\040\000M\000u\000l\000t\000i\000-\000H\000e\000a\000d\000\040\000S\000e\000l\000f\000-\000A\000t\000t\000e\000n\000t\000i\000o\000n}{section.2}% 6
\BOOKMARK [1][-]{section.3}{\376\377\000H\000y\000p\000e\000r\000p\000a\000r\000a\000m\000e\000t\000e\000r\000s}{}% 7
\BOOKMARK [2][-]{subsection.3.1}{\376\377\000S\000t\000o\000c\000h\000a\000s\000t\000i\000c\000\040\000D\000e\000p\000t\000h\000\040\000\050\000D\000r\000o\000p\000P\000a\000t\000h\000\051}{section.3}% 8
\BOOKMARK [1][-]{section.4}{\376\377\000T\000r\000a\000n\000s\000f\000e\000r\000\040\000L\000e\000a\000r\000n\000i\000n\000g\000:\000\040\000G\000i\000a\000i\000\040\001\021\000o\036\241\000n\000\040\0001\000\040\000\040\000G\000i\000a\000i\000\040\001\021\000o\036\241\000n\000\040\0002}{}% 9
\BOOKMARK [2][-]{subsection.4.1}{\376\377\000V\036\245\000n\000\040\001\021\036\301\000\040\000t\001\260\001\241\000n\000g\000\040\000t\000h\000\355\000c\000h\000\040\000W\000e\000i\000g\000h\000t\000s}{section.4}% 10
\BOOKMARK [2][-]{subsection.4.2}{\376\377\000X\036\355\000\040\000l\000\375\000\040\000T\000i\000m\000e\000\040\000E\000m\000b\000e\000d\000d\000i\000n\000g\000\040\000b\036\261\000n\000g\000\040\000I\000n\000t\000e\000r\000p\000o\000l\000a\000t\000i\000o\000n}{section.4}% 11
\BOOKMARK [2][-]{subsection.4.3}{\376\377\000T\036\241\000i\000\040\000s\000a\000o\000\040\000t\000e\000m\000p\000o\000r\000a\000l\000\137\000f\000c\000\040\000i\000n\000i\000t\000\040\000z\000e\000r\000o\000s\000\040\000l\000\340\000\040\000q\000u\000a\000n\000\040\000t\000r\036\315\000n\000g\000?}{section.4}% 12
\BOOKMARK [1][-]{section.5}{\376\377\000C\000h\000u\036\251\000n\000\040\000b\036\313\000\040\000D\036\357\000\040\000l\000i\036\307\000u}{}% 13
\BOOKMARK [2][-]{subsection.5.1}{\376\377\000G\000i\000a\000i\000\040\001\021\000o\036\241\000n\000\040\0001\000\040\040\024\000\040\036\242\000n\000h\000\040\000t\001\051\000n\000h\000\040\000\050\000Y\000O\000L\000O\000\040\000F\000o\000r\000m\000a\000t\000\051}{section.5}% 14
\BOOKMARK [3][-]{subsubsection.5.1.1}{\376\377\000C\000h\000u\000y\036\303\000n\000\040\001\021\036\325\000i\000\040\000n\000h\000\343\000n\000\040\000Y\000O\000L\000O\000\040\000\040\000M\000u\000l\000t\000i\000-\000l\000a\000b\000e\000l}{subsection.5.1}% 15
\BOOKMARK [3][-]{subsubsection.5.1.2}{\376\377\000P\000i\000p\000e\000l\000i\000n\000e\000\040\000t\000i\036\301\000n\000\040\000x\036\355\000\040\000l\000\375\000\040\000\050\000T\000r\000a\000i\000n\000\051}{subsection.5.1}% 16
\BOOKMARK [2][-]{subsection.5.2}{\376\377\000G\000i\000a\000i\000\040\001\021\000o\036\241\000n\000\040\0002\000\040\040\024\000\040\000V\000i\000d\000e\000o\000\040\000C\000l\000i\000p\000s}{section.5}% 17
\BOOKMARK [3][-]{subsubsection.5.2.1}{\376\377\000C\036\245\000u\000\040\000t\000r\000\372\000c\000\040\000t\000h\001\260\000\040\000m\036\345\000c\000\040\000v\000\340\000\040\000n\000h\000\343\000n}{subsection.5.2}% 18
\BOOKMARK [3][-]{subsubsection.5.2.2}{\376\377\000F\000r\000a\000m\000e\000\040\000S\000a\000m\000p\000l\000i\000n\000g\000\040\000S\000t\000r\000a\000t\000e\000g\000y}{subsection.5.2}% 19
\BOOKMARK [1][-]{section.6}{\376\377\000Q\000u\000\341\000\040\000t\000r\000\354\000n\000h\000\040\000H\000u\036\245\000n\000\040\000l\000u\000y\036\307\000n}{}% 20
\BOOKMARK [2][-]{subsection.6.1}{\376\377\000C\036\245\000u\000\040\000h\000\354\000n\000h\000\040\000s\000o\000\040\000s\000\341\000n\000h\000\040\000h\000a\000i\000\040\000g\000i\000a\000i\000\040\001\021\000o\036\241\000n}{section.6}% 21
\BOOKMARK [2][-]{subsection.6.2}{\376\377\000D\000i\000f\000f\000e\000r\000e\000n\000t\000i\000a\000l\000\040\000L\000e\000a\000r\000n\000i\000n\000g\000\040\000R\000a\000t\000e\000\040\000\050\000G\000i\000a\000i\000\040\001\021\000o\036\241\000n\000\040\0002\000\051}{section.6}% 22
\BOOKMARK [2][-]{subsection.6.3}{\376\377\000E\000a\000r\000l\000y\000\040\000S\000t\000o\000p\000p\000i\000n\000g\000\040\000v\036\333\000i\000\040\000B\000e\000s\000t\000-\000w\000e\000i\000g\000h\000t\000\040\000R\000e\000s\000t\000o\000r\000e}{section.6}% 23
\BOOKMARK [1][-]{section.7}{\376\377\001\020\000\341\000n\000h\000\040\000g\000i\000\341\000\040\000M\000\364\000\040\000h\000\354\000n\000h}{}% 24
\BOOKMARK [2][-]{subsection.7.1}{\376\377\000B\036\331\000\040\000M\000e\000t\000r\000i\000c\000s\000\040\000T\000o\000\340\000n\000\040\000d\000i\036\307\000n}{section.7}% 25
\BOOKMARK [3][-]{subsubsection.7.1.1}{\376\377\000N\000h\000\363\000m\000\040\0001\000:\000\040\000M\000e\000t\000r\000i\000c\000s\000\040\000c\001\241\000\040\000b\036\243\000n\000\040\000\050\000T\000h\000r\000e\000s\000h\000o\000l\000d\000\040\000=\000\040\0000\000.\0005\000\051}{subsection.7.1}% 26
\BOOKMARK [3][-]{subsubsection.7.1.2}{\376\377\000N\000h\000\363\000m\000\040\0002\000:\000\040\000M\000e\000t\000r\000i\000c\000s\000\040\000c\000h\000u\000y\000\352\000n\000\040\000s\000\342\000u\000\040\000\050\000T\000h\000r\000e\000s\000h\000o\000l\000d\000-\000I\000n\000d\000e\000p\000e\000n\000d\000e\000n\000t\000\051}{subsection.7.1}% 27
\BOOKMARK [3][-]{subsubsection.7.1.3}{\376\377\000N\000h\000\363\000m\000\040\0003\000:\000\040\000M\000u\000l\000t\000i\000l\000a\000b\000e\000l\000\040\000C\000o\000n\000f\000u\000s\000i\000o\000n\000\040\000M\000a\000t\000r\000i\000x}{subsection.7.1}% 28
\BOOKMARK [1][-]{section.8}{\376\377\000R\000e\000a\000l\000-\000t\000i\000m\000e\000\040\000I\000n\000f\000e\000r\000e\000n\000c\000e}{}% 29
\BOOKMARK [2][-]{subsection.8.1}{\376\377\000S\000l\000i\000d\000i\000n\000g\000\040\000W\000i\000n\000d\000o\000w\000\040\000A\000r\000c\000h\000i\000t\000e\000c\000t\000u\000r\000e}{section.8}% 30
\BOOKMARK [1][-]{section.9}{\376\377\000T\036\325\000n\000g\000\040\000k\036\277\000t\000\040\000S\000o\000\040\000s\000\341\000n\000h}{}% 31
